<?xml version="1.0" encoding="UTF-8"?>
<testsuite xmlns:xsi="http://www.w3.org/2001/XMLSchema-instance" xsi:noNamespaceSchemaLocation="https://maven.apache.org/surefire/maven-surefire-plugin/xsd/surefire-test-report-3.0.xsd" version="3.0" name="it.live.brainbox.BrainBoxApplicationTests" time="18.342" tests="1" errors="0" skipped="0" failures="0">
  <properties>
[...]
</properties>
  <testcase name="contextLoads" classname="it.live.brainbox.BrainBoxApplicationTests" time="0.654">
    <system-out><![CDATA[17:23:50.447 [main] INFO org.springframework.test.context.support.AnnotationConfigContextLoaderUtils -- Could not detect default configuration classes for test class [it.live.brainbox.BrainBoxApplicationTests]: BrainBoxApplicationTests does not declare any static, non-private, non-final, nested classes annotated with @Configuration.
17:23:50.600 [main] INFO org.springframework.boot.test.context.SpringBootTestContextBootstrapper -- Found @SpringBootConfiguration it.live.brainbox.BrainBoxApplication for test class it.live.brainbox.BrainBoxApplicationTests

  .   ____          _            __ _ _
 /\\ / ___'_ __ _ _(_)_ __  __ _ \ \ \ \
( ( )\___ | '_ | '_| | '_ \/ _` | \ \ \ \
 \\/  ___)| |_)| | | | | || (_| |  ) ) ) )
  '  |____| .__|_| |_|_| |_\__, | / / / /
 =========|_|==============|___/=/_/_/_/
 :: Spring Boot ::                (v3.1.5)

2024-01-17T17:23:51.125+05:00  WARN 1624 --- [           main] ory$DuplicateJsonObjectContextCustomizer : 

Found multiple occurrences of org.json.JSONObject on the class path:

	jar:file:/C:/Users/user/.m2/repository/com/vaadin/external/google/android-json/0.0.20131108.vaadin1/android-json-0.0.20131108.vaadin1.jar!/org/json/JSONObject.class
	jar:file:/C:/Users/user/.m2/repository/org/json/json/20231013/json-20231013.jar!/org/json/JSONObject.class

You may wish to exclude one of them to ensure predictable runtime behavior

2024-01-17T17:23:51.148+05:00  INFO 1624 --- [           main] i.l.brainbox.BrainBoxApplicationTests    : Starting BrainBoxApplicationTests using Java 17.0.9 with PID 1624 (started by user in C:\Users\user\Desktop\BigProjects\brain\BrainBox)
2024-01-17T17:23:51.149+05:00  INFO 1624 --- [           main] i.l.brainbox.BrainBoxApplicationTests    : No active profile set, falling back to 1 default profile: "default"
2024-01-17T17:23:52.322+05:00  INFO 1624 --- [           main] .s.d.r.c.RepositoryConfigurationDelegate : Bootstrapping Spring Data JPA repositories in DEFAULT mode.
2024-01-17T17:23:52.473+05:00  INFO 1624 --- [           main] .s.d.r.c.RepositoryConfigurationDelegate : Finished Spring Data repository scanning in 139 ms. Found 10 JPA repository interfaces.
2024-01-17T17:23:53.254+05:00  INFO 1624 --- [           main] o.hibernate.jpa.internal.util.LogHelper  : HHH000204: Processing PersistenceUnitInfo [name: default]
2024-01-17T17:23:53.342+05:00  INFO 1624 --- [           main] org.hibernate.Version                    : HHH000412: Hibernate ORM core version 6.2.13.Final
2024-01-17T17:23:53.346+05:00  INFO 1624 --- [           main] org.hibernate.cfg.Environment            : HHH000406: Using bytecode reflection optimizer
2024-01-17T17:23:53.873+05:00  INFO 1624 --- [           main] o.s.o.j.p.SpringPersistenceUnitInfo      : No LoadTimeWeaver setup: ignoring JPA class transformer
2024-01-17T17:23:53.918+05:00  INFO 1624 --- [           main] com.zaxxer.hikari.HikariDataSource       : HikariPool-1 - Starting...
2024-01-17T17:23:56.717+05:00  INFO 1624 --- [           main] com.zaxxer.hikari.pool.HikariPool        : HikariPool-1 - Added connection org.postgresql.jdbc.PgConnection@29892a77
2024-01-17T17:23:56.719+05:00  INFO 1624 --- [           main] com.zaxxer.hikari.HikariDataSource       : HikariPool-1 - Start completed.
2024-01-17T17:23:59.204+05:00  INFO 1624 --- [           main] o.h.e.t.j.p.i.JtaPlatformInitiator       : HHH000489: No JTA platform available (set 'hibernate.transaction.jta.platform' to enable JTA platform integration)
2024-01-17T17:24:04.259+05:00  INFO 1624 --- [           main] j.LocalContainerEntityManagerFactoryBean : Initialized JPA EntityManagerFactory for persistence unit 'default'
2024-01-17T17:24:04.980+05:00  INFO 1624 --- [           main] o.s.aop.framework.CglibAopProxy          : Unable to proxy interface-implementing method [public final void org.springframework.web.filter.OncePerRequestFilter.doFilter(jakarta.servlet.ServletRequest,jakarta.servlet.ServletResponse,jakarta.servlet.FilterChain) throws jakarta.servlet.ServletException,java.io.IOException] because it is marked as final: Consider using interface-based JDK proxies instead!
2024-01-17T17:24:04.980+05:00  INFO 1624 --- [           main] o.s.aop.framework.CglibAopProxy          : Unable to proxy interface-implementing method [public final void org.springframework.web.filter.GenericFilterBean.init(jakarta.servlet.FilterConfig) throws jakarta.servlet.ServletException] because it is marked as final: Consider using interface-based JDK proxies instead!
2024-01-17T17:24:05.646+05:00  INFO 1624 --- [           main] o.s.d.j.r.query.QueryEnhancerFactory     : Hibernate is in classpath; If applicable, HQL parser will be used.
2024-01-17T17:24:06.071+05:00  WARN 1624 --- [           main] JpaBaseConfiguration$JpaWebConfiguration : spring.jpa.open-in-view is enabled by default. Therefore, database queries may be performed during view rendering. Explicitly configure spring.jpa.open-in-view to disable this warning
2024-01-17T17:24:06.276+05:00  INFO 1624 --- [           main] o.s.s.web.DefaultSecurityFilterChain     : Will secure any request with [org.springframework.security.web.session.DisableEncodeUrlFilter@5ace902e, org.springframework.security.web.context.request.async.WebAsyncManagerIntegrationFilter@396a4dea, org.springframework.security.web.context.SecurityContextHolderFilter@7a59780b, org.springframework.security.web.header.HeaderWriterFilter@726882da, org.springframework.web.filter.CorsFilter@76ac8c3d, org.springframework.security.web.authentication.logout.LogoutFilter@3ce71bbb, it.live.brainbox.jwt.JwtFilter@1ec98548, org.springframework.security.web.savedrequest.RequestCacheAwareFilter@2802caa2, org.springframework.security.web.servletapi.SecurityContextHolderAwareRequestFilter@5ab7e997, org.springframework.security.web.authentication.AnonymousAuthenticationFilter@2e53f980, org.springframework.security.web.session.SessionManagementFilter@9742012, org.springframework.security.web.access.ExceptionTranslationFilter@f1d5f3, org.springframework.security.web.access.intercept.AuthorizationFilter@384b718c]
2024-01-17T17:24:07.815+05:00  WARN 1624 --- [           main] o.s.s.c.a.web.builders.WebSecurity       : You are asking Spring Security to ignore Ant [pattern='/v3/api-docs/**']. This is not recommended -- please use permitAll via HttpSecurity#authorizeHttpRequests instead.
2024-01-17T17:24:07.816+05:00  INFO 1624 --- [           main] o.s.s.web.DefaultSecurityFilterChain     : Will not secure Ant [pattern='/v3/api-docs/**']
2024-01-17T17:24:07.904+05:00  INFO 1624 --- [           main] i.l.brainbox.BrainBoxApplicationTests    : Started BrainBoxApplicationTests in 17.079 seconds (process running for 18.286)
]]></system-out>
  </testcase>
</testsuite>